[debug] [2019-07-31T10:51:47.824Z] ----------------------------------------------------------------------
[debug] [2019-07-31T10:51:47.827Z] Command:       /Users/kaveri.moger/.nvm/versions/node/v8.11.2/bin/node /Users/kaveri.moger/.nvm/versions/node/v8.11.2/bin/firebase login
[debug] [2019-07-31T10:51:47.827Z] CLI Version:   7.2.2
[debug] [2019-07-31T10:51:47.827Z] Platform:      darwin
[debug] [2019-07-31T10:51:47.827Z] Node Version:  v8.11.2
[debug] [2019-07-31T10:51:47.827Z] Time:          Wed Jul 31 2019 16:21:47 GMT+0530 (IST)
[debug] [2019-07-31T10:51:47.827Z] ----------------------------------------------------------------------
[debug] 
[info] 
[info] Visit this URL on any device to log in:
[info] https://accounts.google.com/o/oauth2/auth?client_id=563584335869-fgrhgmd47bqnekij5i8b5pr03ho849e6.apps.googleusercontent.com&scope=email%20openid%20https%3A%2F%2Fwww.googleapis.com%2Fauth%2Fcloudplatformprojects.readonly%20https%3A%2F%2Fwww.googleapis.com%2Fauth%2Ffirebase%20https%3A%2F%2Fwww.googleapis.com%2Fauth%2Fcloud-platform&response_type=code&state=903604732&redirect_uri=http%3A%2F%2Flocalhost%3A9005
[info] 
[info] Waiting for authentication...
[debug] [2019-07-31T10:52:16.973Z] >>> HTTP REQUEST POST https://accounts.google.com/o/oauth2/token  

[debug] [2019-07-31T10:52:17.118Z] Token Fetch Error: FirebaseError: Server Error. self signed certificate in certificate chain
    at Request._callback (/Users/kaveri.moger/.nvm/versions/node/v8.11.2/lib/node_modules/firebase-tools/lib/api.js:30:31)
    at self.callback (/Users/kaveri.moger/.nvm/versions/node/v8.11.2/lib/node_modules/firebase-tools/node_modules/request/request.js:185:22)
    at emitOne (events.js:116:13)
    at Request.emit (events.js:211:7)
    at Request.onRequestError (/Users/kaveri.moger/.nvm/versions/node/v8.11.2/lib/node_modules/firebase-tools/node_modules/request/request.js:881:8)
    at emitOne (events.js:116:13)
    at ClientRequest.emit (events.js:211:7)
    at TLSSocket.socketErrorListener (_http_client.js:387:9)
    at emitOne (events.js:116:13)
    at TLSSocket.emit (events.js:211:7)
[debug] [2019-07-31T10:52:31.149Z] ----------------------------------------------------------------------
[debug] [2019-07-31T10:52:31.152Z] Command:       /Users/kaveri.moger/.nvm/versions/node/v8.11.2/bin/node /Users/kaveri.moger/.nvm/versions/node/v8.11.2/bin/firebase login
[debug] [2019-07-31T10:52:31.152Z] CLI Version:   7.2.2
[debug] [2019-07-31T10:52:31.152Z] Platform:      darwin
[debug] [2019-07-31T10:52:31.152Z] Node Version:  v8.11.2
[debug] [2019-07-31T10:52:31.152Z] Time:          Wed Jul 31 2019 16:22:31 GMT+0530 (IST)
[debug] [2019-07-31T10:52:31.152Z] ----------------------------------------------------------------------
[debug] 
[info] 
[info] Visit this URL on any device to log in:
[info] https://accounts.google.com/o/oauth2/auth?client_id=563584335869-fgrhgmd47bqnekij5i8b5pr03ho849e6.apps.googleusercontent.com&scope=email%20openid%20https%3A%2F%2Fwww.googleapis.com%2Fauth%2Fcloudplatformprojects.readonly%20https%3A%2F%2Fwww.googleapis.com%2Fauth%2Ffirebase%20https%3A%2F%2Fwww.googleapis.com%2Fauth%2Fcloud-platform&response_type=code&state=775707441&redirect_uri=http%3A%2F%2Flocalhost%3A9005
[info] 
[info] Waiting for authentication...
[debug] [2019-07-31T10:52:43.550Z] >>> HTTP REQUEST POST https://accounts.google.com/o/oauth2/token  

[debug] [2019-07-31T10:52:43.685Z] Token Fetch Error: FirebaseError: Server Error. self signed certificate in certificate chain
    at Request._callback (/Users/kaveri.moger/.nvm/versions/node/v8.11.2/lib/node_modules/firebase-tools/lib/api.js:30:31)
    at self.callback (/Users/kaveri.moger/.nvm/versions/node/v8.11.2/lib/node_modules/firebase-tools/node_modules/request/request.js:185:22)
    at emitOne (events.js:116:13)
    at Request.emit (events.js:211:7)
    at Request.onRequestError (/Users/kaveri.moger/.nvm/versions/node/v8.11.2/lib/node_modules/firebase-tools/node_modules/request/request.js:881:8)
    at emitOne (events.js:116:13)
    at ClientRequest.emit (events.js:211:7)
    at TLSSocket.socketErrorListener (_http_client.js:387:9)
    at emitOne (events.js:116:13)
    at TLSSocket.emit (events.js:211:7)
[debug] [2019-07-31T10:54:28.249Z] ----------------------------------------------------------------------
[debug] [2019-07-31T10:54:28.251Z] Command:       /Users/kaveri.moger/.nvm/versions/node/v8.11.2/bin/node /Users/kaveri.moger/.nvm/versions/node/v8.11.2/bin/firebase login
[debug] [2019-07-31T10:54:28.251Z] CLI Version:   7.2.2
[debug] [2019-07-31T10:54:28.251Z] Platform:      darwin
[debug] [2019-07-31T10:54:28.251Z] Node Version:  v8.11.2
[debug] [2019-07-31T10:54:28.251Z] Time:          Wed Jul 31 2019 16:24:28 GMT+0530 (IST)
[debug] [2019-07-31T10:54:28.251Z] ----------------------------------------------------------------------
[debug] 
[info] 
[info] Visit this URL on any device to log in:
[info] https://accounts.google.com/o/oauth2/auth?client_id=563584335869-fgrhgmd47bqnekij5i8b5pr03ho849e6.apps.googleusercontent.com&scope=email%20openid%20https%3A%2F%2Fwww.googleapis.com%2Fauth%2Fcloudplatformprojects.readonly%20https%3A%2F%2Fwww.googleapis.com%2Fauth%2Ffirebase%20https%3A%2F%2Fwww.googleapis.com%2Fauth%2Fcloud-platform&response_type=code&state=544020056&redirect_uri=http%3A%2F%2Flocalhost%3A9005
[info] 
[info] Waiting for authentication...
[debug] [2019-07-31T10:54:38.452Z] >>> HTTP REQUEST POST https://accounts.google.com/o/oauth2/token  

[debug] [2019-07-31T10:54:38.587Z] Token Fetch Error: FirebaseError: Server Error. self signed certificate in certificate chain
    at Request._callback (/Users/kaveri.moger/.nvm/versions/node/v8.11.2/lib/node_modules/firebase-tools/lib/api.js:30:31)
    at self.callback (/Users/kaveri.moger/.nvm/versions/node/v8.11.2/lib/node_modules/firebase-tools/node_modules/request/request.js:185:22)
    at emitOne (events.js:116:13)
    at Request.emit (events.js:211:7)
    at Request.onRequestError (/Users/kaveri.moger/.nvm/versions/node/v8.11.2/lib/node_modules/firebase-tools/node_modules/request/request.js:881:8)
    at emitOne (events.js:116:13)
    at ClientRequest.emit (events.js:211:7)
    at TLSSocket.socketErrorListener (_http_client.js:387:9)
    at emitOne (events.js:116:13)
    at TLSSocket.emit (events.js:211:7)
[debug] [2019-07-31T10:54:56.456Z] ----------------------------------------------------------------------
[debug] [2019-07-31T10:54:56.458Z] Command:       /Users/kaveri.moger/.nvm/versions/node/v8.11.2/bin/node /Users/kaveri.moger/.nvm/versions/node/v8.11.2/bin/firebase login
[debug] [2019-07-31T10:54:56.458Z] CLI Version:   7.2.2
[debug] [2019-07-31T10:54:56.458Z] Platform:      darwin
[debug] [2019-07-31T10:54:56.458Z] Node Version:  v8.11.2
[debug] [2019-07-31T10:54:56.458Z] Time:          Wed Jul 31 2019 16:24:56 GMT+0530 (IST)
[debug] [2019-07-31T10:54:56.458Z] ----------------------------------------------------------------------
[debug] 
[info] 
[info] Visit this URL on any device to log in:
[info] https://accounts.google.com/o/oauth2/auth?client_id=563584335869-fgrhgmd47bqnekij5i8b5pr03ho849e6.apps.googleusercontent.com&scope=email%20openid%20https%3A%2F%2Fwww.googleapis.com%2Fauth%2Fcloudplatformprojects.readonly%20https%3A%2F%2Fwww.googleapis.com%2Fauth%2Ffirebase%20https%3A%2F%2Fwww.googleapis.com%2Fauth%2Fcloud-platform&response_type=code&state=960724990&redirect_uri=http%3A%2F%2Flocalhost%3A9005
[info] 
[info] Waiting for authentication...
[debug] [2019-07-31T10:55:06.514Z] >>> HTTP REQUEST POST https://accounts.google.com/o/oauth2/token  

[debug] [2019-07-31T10:55:06.737Z] Token Fetch Error: FirebaseError: Server Error. self signed certificate in certificate chain
    at Request._callback (/Users/kaveri.moger/.nvm/versions/node/v8.11.2/lib/node_modules/firebase-tools/lib/api.js:30:31)
    at self.callback (/Users/kaveri.moger/.nvm/versions/node/v8.11.2/lib/node_modules/firebase-tools/node_modules/request/request.js:185:22)
    at emitOne (events.js:116:13)
    at Request.emit (events.js:211:7)
    at Request.onRequestError (/Users/kaveri.moger/.nvm/versions/node/v8.11.2/lib/node_modules/firebase-tools/node_modules/request/request.js:881:8)
    at emitOne (events.js:116:13)
    at ClientRequest.emit (events.js:211:7)
    at TLSSocket.socketErrorListener (_http_client.js:387:9)
    at emitOne (events.js:116:13)
    at TLSSocket.emit (events.js:211:7)
[debug] [2019-07-31T10:55:43.367Z] >>> HTTP REQUEST POST https://accounts.google.com/o/oauth2/token  

[debug] [2019-07-31T10:55:43.535Z] Token Fetch Error: FirebaseError: Server Error. self signed certificate in certificate chain
    at Request._callback (/Users/kaveri.moger/.nvm/versions/node/v8.11.2/lib/node_modules/firebase-tools/lib/api.js:30:31)
    at self.callback (/Users/kaveri.moger/.nvm/versions/node/v8.11.2/lib/node_modules/firebase-tools/node_modules/request/request.js:185:22)
    at emitOne (events.js:116:13)
    at Request.emit (events.js:211:7)
    at Request.onRequestError (/Users/kaveri.moger/.nvm/versions/node/v8.11.2/lib/node_modules/firebase-tools/node_modules/request/request.js:881:8)
    at emitOne (events.js:116:13)
    at ClientRequest.emit (events.js:211:7)
    at TLSSocket.socketErrorListener (_http_client.js:387:9)
    at emitOne (events.js:116:13)
    at TLSSocket.emit (events.js:211:7)
